\BOOKMARK [1][-]{section*.2}{\376\377\000A\000b\000s\000t\000r\000a\000c\000t}{}% 1
\BOOKMARK [1][-]{section.1}{\376\377\0001\000\040\000I\000n\000t\000r\000o\000d\000u\000c\000t\000i\000o\000n}{}% 2
\BOOKMARK [1][-]{section.2}{\376\377\0002\000\040\000B\000a\000c\000k\000g\000r\000o\000u\000n\000d}{}% 3
\BOOKMARK [2][-]{subsection.2.1}{\376\377\0002\000.\0001\000\040\000A\000p\000p\000l\000i\000c\000a\000b\000i\000l\000i\000t\000y\000\040\000t\000o\000\040\000I\000n\000d\000u\000s\000t\000r\000y}{section.2}% 4
\BOOKMARK [2][-]{subsection.2.2}{\376\377\0002\000.\0002\000\040\000S\000t\000a\000t\000i\000c\000\040\000A\000n\000a\000l\000y\000s\000i\000s}{section.2}% 5
\BOOKMARK [2][-]{subsection.2.3}{\376\377\0002\000.\0003\000\040\000E\000x\000i\000s\000t\000i\000n\000g\000\040\000C\000o\000d\000e\000\040\000Q\000u\000a\000l\000i\000t\000y\000\040\000T\000o\000o\000l\000s}{section.2}% 6
\BOOKMARK [2][-]{subsection.2.4}{\376\377\0002\000.\0004\000\040\000P\000a\000r\000s\000i\000n\000g}{section.2}% 7
\BOOKMARK [2][-]{subsection.2.5}{\376\377\0002\000.\0005\000\040\000L\000e\000g\000a\000l\000\040\000i\000s\000s\000u\000e\000s\000\040\000r\000e\000l\000a\000t\000i\000n\000g\000\040\000t\000o\000\040\000S\000o\000f\000t\000w\000a\000r\000e\000\040\000Q\000u\000a\000l\000i\000t\000y}{section.2}% 8
\BOOKMARK [2][-]{subsection.2.6}{\376\377\0002\000.\0006\000\040\000S\000u\000m\000m\000a\000r\000y}{section.2}% 9
\BOOKMARK [1][-]{section.3}{\376\377\0003\000\040\000M\000e\000t\000h\000o\000d\000o\000l\000o\000g\000y}{}% 10
\BOOKMARK [2][-]{subsection.3.1}{\376\377\0003\000.\0001\000\040\000P\000r\000o\000j\000e\000c\000t\000\040\000M\000a\000n\000a\000g\000e\000m\000e\000n\000t}{section.3}% 11
\BOOKMARK [2][-]{subsection.3.2}{\376\377\0003\000.\0002\000\040\000T\000e\000s\000t\000\040\000D\000r\000i\000v\000e\000n\000\040\000D\000e\000v\000e\000l\000o\000p\000m\000e\000n\000t}{section.3}% 12
\BOOKMARK [2][-]{subsection.3.3}{\376\377\0003\000.\0003\000\040\000S\000u\000m\000m\000a\000r\000y}{section.3}% 13
\BOOKMARK [1][-]{section.4}{\376\377\0004\000\040\000D\000e\000v\000e\000l\000o\000p\000m\000e\000n\000t}{}% 14
\BOOKMARK [2][-]{subsection.4.1}{\376\377\0004\000.\0001\000\040\000T\000e\000c\000h\000n\000o\000l\000o\000g\000i\000e\000s}{section.4}% 15
\BOOKMARK [2][-]{subsection.4.2}{\376\377\0004\000.\0002\000\040\000S\000p\000r\000i\000n\000t\000\040\0001}{section.4}% 16
\BOOKMARK [2][-]{subsection.4.3}{\376\377\0004\000.\0003\000\040\000S\000p\000r\000i\000n\000t\000\040\0002}{section.4}% 17
\BOOKMARK [2][-]{subsection.4.4}{\376\377\0004\000.\0004\000\040\000S\000p\000r\000i\000n\000t\000\040\0003}{section.4}% 18
\BOOKMARK [2][-]{subsection.4.5}{\376\377\0004\000.\0005\000\040\000S\000p\000r\000i\000n\000t\000\040\0004}{section.4}% 19
\BOOKMARK [2][-]{subsection.4.6}{\376\377\0004\000.\0006\000\040\000S\000p\000r\000i\000n\000t\000\040\0005}{section.4}% 20
\BOOKMARK [1][-]{section.5}{\376\377\0005\000\040\000D\000e\000s\000c\000r\000i\000p\000t\000i\000o\000n\000\040\000o\000f\000\040\000t\000h\000e\000\040\000f\000i\000n\000a\000l\000\040\000p\000r\000o\000d\000u\000c\000t}{}% 21
\BOOKMARK [1][-]{section.6}{\376\377\0006\000\040\000A\000p\000p\000r\000a\000i\000s\000a\000l}{}% 22
\BOOKMARK [2][-]{subsection.6.1}{\376\377\0006\000.\0001\000\040\000S\000y\000s\000t\000e\000m\000\040\000A\000p\000p\000r\000a\000i\000s\000a\000l}{section.6}% 23
\BOOKMARK [2][-]{subsection.6.2}{\376\377\0006\000.\0002\000\040\000A\000p\000p\000r\000a\000i\000s\000a\000l\000\040\000o\000f\000\040\000W\000o\000r\000k}{section.6}% 24
\BOOKMARK [1][-]{section.7}{\376\377\0007\000\040\000C\000o\000n\000c\000l\000u\000s\000i\000o\000n}{}% 25
\BOOKMARK [1][-]{section.8}{\376\377\0008\000\040\000F\000u\000t\000u\000r\000e\000\040\000W\000o\000r\000k}{}% 26
\BOOKMARK [2][-]{subsection.8.1}{\376\377\0008\000.\0001\000\040\000E\000x\000p\000a\000n\000d\000i\000n\000g\000\040\000o\000f\000\040\000S\000y\000n\000t\000a\000x\000\040\000S\000u\000p\000p\000o\000r\000t}{section.8}% 27
\BOOKMARK [2][-]{subsection.8.2}{\376\377\0008\000.\0002\000\040\000A\000l\000l\000o\000w\000\040\000S\000e\000t\000t\000i\000n\000g\000s}{section.8}% 28
\BOOKMARK [1][-]{section*.56}{\376\377\000A\000c\000k\000n\000o\000w\000l\000e\000d\000g\000m\000e\000n\000t\000s}{}% 29
\BOOKMARK [1][-]{section*.57}{\376\377\000R\000e\000f\000e\000r\000e\000n\000c\000e\000s}{}% 30
\BOOKMARK [1][-]{appendix.A}{\376\377\000A\000\040\000C\000o\000n\000t\000r\000o\000l\000\040\000F\000l\000o\000w\000\040\000G\000r\000a\000p\000h}{}% 31
\BOOKMARK [1][-]{appendix.B}{\376\377\000B\000\040\000C\000o\000d\000e\000\040\000A\000n\000a\000l\000y\000s\000e\000r\000\040\000D\000i\000a\000g\000r\000a\000m}{}% 32
\BOOKMARK [1][-]{appendix.C}{\376\377\000C\000\040\000C\000o\000m\000p\000i\000l\000e\000r\000\040\000D\000i\000a\000g\000r\000a\000m}{}% 33
\BOOKMARK [1][-]{appendix.D}{\376\377\000D\000\040\000U\000s\000e\000r\000\040\000P\000e\000r\000s\000o\000n\000a\000s}{}% 34
\BOOKMARK [1][-]{appendix.E}{\376\377\000E\000\040\000U\000s\000e\000r\000\040\000S\000t\000o\000r\000i\000e\000s}{}% 35
\BOOKMARK [1][-]{appendix.F}{\376\377\000F\000\040\000G\000i\000t\000h\000u\000b\000\040\000I\000s\000s\000u\000e\000s}{}% 36
\BOOKMARK [1][-]{appendix.G}{\376\377\000G\000\040\000M\000o\000S\000C\000o\000W\000\040\000A\000n\000a\000l\000y\000s\000i\000s}{}% 37
\BOOKMARK [1][-]{appendix.H}{\376\377\000H\000\040\000V\000a\000l\000u\000e\000\040\000R\000i\000s\000k}{}% 38
\BOOKMARK [1][-]{appendix.I}{\376\377\000I\000\040\000C\000o\000m\000b\000i\000n\000e\000d\000\040\000M\000o\000s\000c\000o\000w\000V\000a\000l\000u\000e\000R\000i\000s\000k\000\040\000P\000r\000i\000o\000r\000i\000t\000i\000e\000s}{}% 39
\BOOKMARK [1][-]{appendix.J}{\376\377\000J\000\040\000T\000-\000S\000h\000i\000r\000t\000\040\000S\000i\000z\000i\000n\000g}{}% 40
\BOOKMARK [1][-]{appendix.K}{\376\377\000K\000\040\000S\000o\000u\000r\000c\000e\000\040\000C\000o\000d\000e}{}% 41
\BOOKMARK [1][-]{appendix.L}{\376\377\000L\000\040\000L\000e\000f\000t\000\040\000M\000o\000s\000t\000\040\000D\000e\000r\000i\000v\000a\000t\000i\000o\000n\000\040\000D\000i\000a\000g\000r\000a\000m}{}% 42
\BOOKMARK [1][-]{appendix.M}{\376\377\000M\000\040\000R\000i\000g\000h\000t\000\040\000M\000o\000s\000t\000\040\000D\000e\000r\000i\000v\000a\000t\000i\000o\000n\000\040\000D\000i\000a\000g\000r\000a\000m}{}% 43
\BOOKMARK [1][-]{appendix.N}{\376\377\000N\000\040\000C\000o\000d\000e\000\040\000E\000d\000i\000t\000o\000r\000\040\000I\000n\000i\000t\000i\000a\000l\000\040\000D\000e\000s\000i\000g\000n\000s}{}% 44
\BOOKMARK [1][-]{appendix.O}{\376\377\000O\000\040\000P\000a\000r\000s\000e\000r}{}% 45
\BOOKMARK [1][-]{appendix.P}{\376\377\000P\000\040\000A\000S\000T\000\040\000T\000y\000p\000e\000s}{}% 46
\BOOKMARK [1][-]{appendix.Q}{\376\377\000Q\000\040\000T\000o\000k\000e\000n\000i\000s\000e\000r\000\040\000F\000o\000l\000d\000e\000r}{}% 47
\BOOKMARK [1][-]{appendix.R}{\376\377\000R\000\040\000P\000a\000r\000s\000e\000r\000\040\000T\000e\000s\000t\000s}{}% 48
\BOOKMARK [1][-]{appendix.S}{\376\377\000S\000\040\000D\000e\000v\000e\000l\000o\000p\000m\000e\000n\000t\000\040\000D\000i\000a\000r\000y}{}% 49
\BOOKMARK [1][-]{appendix.T}{\376\377\000T\000\040\000E\000v\000a\000l\000u\000a\000t\000i\000o\000n\000\040\000F\000e\000a\000t\000u\000r\000e\000s}{}% 50
\BOOKMARK [1][-]{appendix.U}{\376\377\000U\000\040\000F\000i\000n\000a\000l\000\040\000P\000r\000o\000d\000u\000c\000t}{}% 51
\BOOKMARK [1][-]{appendix.V}{\376\377\000V\000\040\000C\000o\000d\000e\000\040\000C\000o\000v\000e\000r\000a\000g\000e}{}% 52
\BOOKMARK [1][-]{appendix.W}{\376\377\000W\000\040\000I\000n\000t\000e\000r\000v\000i\000e\000w\000\040\000N\000o\000t\000e\000s}{}% 53
\BOOKMARK [1][-]{appendix.X}{\376\377\000X\000\040\000U\000s\000e\000r\000\040\000T\000e\000s\000t\000i\000n\000g\000\040\000R\000e\000s\000u\000l\000t\000s}{}% 54
